# JRE version: OpenJDK Runtime Environment (17.0.10) (build 17.0.10+0--11609105)
# Java VM: OpenJDK 64-Bit Server VM (17.0.10+0--11609105, mixed mode, tiered, compressed oops, compressed class ptrs, g1 gc, windows-amd64)
GC Precious Log:
 CPUs: 8 total, 8 available
 Memory: 16217M
 Large Page Support: Disabled
 NUMA Support: Disabled
 Compressed Oops: Enabled (32-bit)
 Heap Region Size: 1M
 Heap Min Capacity: 8M
 Heap Initial Capacity: 254M
 Heap Max Capacity: 2G
 Pre-touch: Disabled
 Parallel Workers: 8
 Concurrent Workers: 2
 Concurrent Refinement Workers: 8
 Periodic GC: Disabled
Heap:
 garbage-first heap   total 189440K, used 115333K [0x0000000080000000, 0x0000000100000000)
  region size 1024K, 3 young (3072K), 3 survivors (3072K)
 Metaspace       used 79608K, committed 80320K, reserved 1179648K
  class space    used 10816K, committed 11136K, reserved 1048576K
GC Heap History (20 events):
Event: 13.910 GC heap after
{Heap after GC invocations=32 (full 0):
 garbage-first heap   total 146432K, used 76656K [0x0000000080000000, 0x0000000100000000)
  region size 1024K, 5 young (5120K), 5 survivors (5120K)
 Metaspace       used 61987K, committed 62592K, reserved 1114112K
  class space    used 8499K, committed 8768K, reserved 1048576K
}
Event: 14.362 GC heap before
{Heap before GC invocations=32 (full 0):
 garbage-first heap   total 146432K, used 111472K [0x0000000080000000, 0x0000000100000000)
  region size 1024K, 40 young (40960K), 5 survivors (5120K)
 Metaspace       used 62366K, committed 62976K, reserved 1114112K
  class space    used 8517K, committed 8832K, reserved 1048576K
}
Event: 14.372 GC heap after
{Heap after GC invocations=33 (full 0):
 garbage-first heap   total 146432K, used 80417K [0x0000000080000000, 0x0000000100000000)
  region size 1024K, 4 young (4096K), 4 survivors (4096K)
 Metaspace       used 62366K, committed 62976K, reserved 1114112K
  class space    used 8517K, committed 8832K, reserved 1048576K
}
Event: 15.015 GC heap before
{Heap before GC invocations=34 (full 0):
 garbage-first heap   total 146432K, used 129569K [0x0000000080000000, 0x0000000100000000)
  region size 1024K, 38 young (38912K), 4 survivors (4096K)
 Metaspace       used 63896K, committed 64576K, reserved 1114112K
  class space    used 8721K, committed 9024K, reserved 1048576K
}
Event: 15.023 GC heap after
{Heap after GC invocations=35 (full 0):
 garbage-first heap   total 146432K, used 102163K [0x0000000080000000, 0x0000000100000000)
  region size 1024K, 5 young (5120K), 5 survivors (5120K)
 Metaspace       used 63896K, committed 64576K, reserved 1114112K
  class space    used 8721K, committed 9024K, reserved 1048576K
}
Event: 15.054 GC heap before
{Heap before GC invocations=35 (full 0):
 garbage-first heap   total 146432K, used 103187K [0x0000000080000000, 0x0000000100000000)
  region size 1024K, 7 young (7168K), 5 survivors (5120K)
 Metaspace       used 64000K, committed 64640K, reserved 1114112K
  class space    used 8739K, committed 9024K, reserved 1048576K
}
Event: 15.057 GC heap after
{Heap after GC invocations=36 (full 0):
 garbage-first heap   total 146432K, used 102014K [0x0000000080000000, 0x0000000100000000)
  region size 1024K, 1 young (1024K), 1 survivors (1024K)
 Metaspace       used 64000K, committed 64640K, reserved 1114112K
  class space    used 8739K, committed 9024K, reserved 1048576K
}
Event: 15.399 GC heap before
{Heap before GC invocations=36 (full 0):
 garbage-first heap   total 146432K, used 120446K [0x0000000080000000, 0x0000000100000000)
  region size 1024K, 19 young (19456K), 1 survivors (1024K)
 Metaspace       used 65492K, committed 66112K, reserved 1114112K
  class space    used 8939K, committed 9216K, reserved 1048576K
}
Event: 15.402 GC heap after
{Heap after GC invocations=37 (full 0):
 garbage-first heap   total 146432K, used 102087K [0x0000000080000000, 0x0000000100000000)
  region size 1024K, 1 young (1024K), 1 survivors (1024K)
 Metaspace       used 65492K, committed 66112K, reserved 1114112K
  class space    used 8939K, committed 9216K, reserved 1048576K
}
Event: 15.762 GC heap before
{Heap before GC invocations=38 (full 0):
 garbage-first heap   total 179200K, used 121543K [0x0000000080000000, 0x0000000100000000)
  region size 1024K, 20 young (20480K), 1 survivors (1024K)
 Metaspace       used 67340K, committed 68096K, reserved 1114112K
  class space    used 9122K, committed 9472K, reserved 1048576K
}
Event: 15.764 GC heap after
{Heap after GC invocations=39 (full 0):
 garbage-first heap   total 179200K, used 102518K [0x0000000080000000, 0x0000000100000000)
  region size 1024K, 1 young (1024K), 1 survivors (1024K)
 Metaspace       used 67340K, committed 68096K, reserved 1114112K
  class space    used 9122K, committed 9472K, reserved 1048576K
}
Event: 15.899 GC heap before
{Heap before GC invocations=39 (full 0):
 garbage-first heap   total 179200K, used 108662K [0x0000000080000000, 0x0000000100000000)
  region size 1024K, 8 young (8192K), 1 survivors (1024K)
 Metaspace       used 68219K, committed 68928K, reserved 1114112K
  class space    used 9228K, committed 9600K, reserved 1048576K
}
Event: 15.902 GC heap after
{Heap after GC invocations=40 (full 0):
 garbage-first heap   total 179200K, used 101793K [0x0000000080000000, 0x0000000100000000)
  region size 1024K, 1 young (1024K), 1 survivors (1024K)
 Metaspace       used 68219K, committed 68928K, reserved 1114112K
  class space    used 9228K, committed 9600K, reserved 1048576K
}
Event: 16.916 GC heap before
{Heap before GC invocations=40 (full 0):
 garbage-first heap   total 179200K, used 150945K [0x0000000080000000, 0x0000000100000000)
  region size 1024K, 44 young (45056K), 1 survivors (1024K)
 Metaspace       used 72034K, committed 72768K, reserved 1114112K
  class space    used 9769K, committed 10112K, reserved 1048576K
}
Event: 16.922 GC heap after
{Heap after GC invocations=41 (full 0):
 garbage-first heap   total 179200K, used 107256K [0x0000000080000000, 0x0000000100000000)
  region size 1024K, 6 young (6144K), 6 survivors (6144K)
 Metaspace       used 72034K, committed 72768K, reserved 1114112K
  class space    used 9769K, committed 10112K, reserved 1048576K
}
Event: 17.809 GC heap before
{Heap before GC invocations=42 (full 0):
 garbage-first heap   total 189440K, used 145144K [0x0000000080000000, 0x0000000100000000)
  region size 1024K, 43 young (44032K), 6 survivors (6144K)
 Metaspace       used 74717K, committed 75392K, reserved 1179648K
  class space    used 10130K, committed 10432K, reserved 1048576K
}
Event: 17.815 GC heap after
{Heap after GC invocations=43 (full 0):
 garbage-first heap   total 189440K, used 109469K [0x0000000080000000, 0x0000000100000000)
  region size 1024K, 3 young (3072K), 3 survivors (3072K)
 Metaspace       used 74717K, committed 75392K, reserved 1179648K
  class space    used 10130K, committed 10432K, reserved 1048576K
}
Event: 17.925 GC heap before
{Heap before GC invocations=43 (full 0):
 garbage-first heap   total 189440K, used 114589K [0x0000000080000000, 0x0000000100000000)
  region size 1024K, 9 young (9216K), 3 survivors (3072K)
 Metaspace       used 75146K, committed 75776K, reserved 1179648K
  class space    used 10187K, committed 10496K, reserved 1048576K
}
Event: 17.929 GC heap after
{Heap after GC invocations=44 (full 0):
 garbage-first heap   total 189440K, used 109211K [0x0000000080000000, 0x0000000100000000)
  region size 1024K, 1 young (1024K), 1 survivors (1024K)
 Metaspace       used 75146K, committed 75776K, reserved 1179648K
  class space    used 10187K, committed 10496K, reserved 1048576K
}
Event: 19.009 GC heap before
{Heap before GC invocations=44 (full 0):
 garbage-first heap   total 189440K, used 160411K [0x0000000080000000, 0x0000000100000000)
  region size 1024K, 47 young (48128K), 1 survivors (1024K)
 Metaspace       used 79608K, committed 80320K, reserved 1179648K
  class space    used 10816K, committed 11136K, reserved 1048576K
}

