# JRE version: OpenJDK Runtime Environment (17.0.10) (build 17.0.10+0--11609105)
# Java VM: OpenJDK 64-Bit Server VM (17.0.10+0--11609105, mixed mode, tiered, compressed oops, compressed class ptrs, g1 gc, windows-amd64)
GC Precious Log:
 CPUs: 8 total, 8 available
 Memory: 16217M
 Large Page Support: Disabled
 NUMA Support: Disabled
 Compressed Oops: Enabled (32-bit)
 Heap Region Size: 1M
 Heap Min Capacity: 8M
 Heap Initial Capacity: 254M
 Heap Max Capacity: 2G
 Pre-touch: Disabled
 Parallel Workers: 8
 Concurrent Workers: 2
 Concurrent Refinement Workers: 8
 Periodic GC: Disabled
Heap:
 garbage-first heap   total 363520K, used 234792K [0x0000000080000000, 0x0000000100000000)
  region size 1024K, 10 young (10240K), 10 survivors (10240K)
 Metaspace       used 176806K, committed 177792K, reserved 1245184K
  class space    used 23286K, committed 23744K, reserved 1048576K
GC Heap History (20 events):
Event: 35.900 GC heap after
{Heap after GC invocations=58 (full 0):
 garbage-first heap   total 293888K, used 171890K [0x0000000080000000, 0x0000000100000000)
  region size 1024K, 6 young (6144K), 6 survivors (6144K)
 Metaspace       used 162874K, committed 163712K, reserved 1245184K
  class space    used 21413K, committed 21824K, reserved 1048576K
}
Event: 37.136 GC heap before
{Heap before GC invocations=59 (full 0):
 garbage-first heap   total 301056K, used 250738K [0x0000000080000000, 0x0000000100000000)
  region size 1024K, 78 young (79872K), 6 survivors (6144K)
 Metaspace       used 166538K, committed 167488K, reserved 1245184K
  class space    used 21804K, committed 22272K, reserved 1048576K
}
Event: 37.144 GC heap after
{Heap after GC invocations=60 (full 0):
 garbage-first heap   total 301056K, used 173507K [0x0000000080000000, 0x0000000100000000)
  region size 1024K, 5 young (5120K), 5 survivors (5120K)
 Metaspace       used 166538K, committed 167488K, reserved 1245184K
  class space    used 21804K, committed 22272K, reserved 1048576K
}
Event: 37.366 GC heap before
{Heap before GC invocations=60 (full 0):
 garbage-first heap   total 301056K, used 181699K [0x0000000080000000, 0x0000000100000000)
  region size 1024K, 14 young (14336K), 5 survivors (5120K)
 Metaspace       used 167163K, committed 168064K, reserved 1245184K
  class space    used 21868K, committed 22336K, reserved 1048576K
}
Event: 37.373 GC heap after
{Heap after GC invocations=61 (full 0):
 garbage-first heap   total 301056K, used 157086K [0x0000000080000000, 0x0000000100000000)
  region size 1024K, 1 young (1024K), 1 survivors (1024K)
 Metaspace       used 167163K, committed 168064K, reserved 1245184K
  class space    used 21868K, committed 22336K, reserved 1048576K
}
Event: 38.518 GC heap before
{Heap before GC invocations=61 (full 0):
 garbage-first heap   total 301056K, used 247198K [0x0000000080000000, 0x0000000100000000)
  region size 1024K, 90 young (92160K), 1 survivors (1024K)
 Metaspace       used 168561K, committed 169472K, reserved 1245184K
  class space    used 22038K, committed 22528K, reserved 1048576K
}
Event: 38.526 GC heap after
{Heap after GC invocations=62 (full 0):
 garbage-first heap   total 301056K, used 163211K [0x0000000080000000, 0x0000000100000000)
  region size 1024K, 7 young (7168K), 7 survivors (7168K)
 Metaspace       used 168561K, committed 169472K, reserved 1245184K
  class space    used 22038K, committed 22528K, reserved 1048576K
}
Event: 38.792 GC heap before
{Heap before GC invocations=62 (full 0):
 garbage-first heap   total 301056K, used 248203K [0x0000000080000000, 0x0000000100000000)
  region size 1024K, 91 young (93184K), 7 survivors (7168K)
 Metaspace       used 169138K, committed 170112K, reserved 1245184K
  class space    used 22120K, committed 22592K, reserved 1048576K
}
Event: 38.803 GC heap after
{Heap after GC invocations=63 (full 0):
 garbage-first heap   total 301056K, used 180015K [0x0000000080000000, 0x0000000100000000)
  region size 1024K, 12 young (12288K), 12 survivors (12288K)
 Metaspace       used 169138K, committed 170112K, reserved 1245184K
  class space    used 22120K, committed 22592K, reserved 1048576K
}
Event: 39.030 GC heap before
{Heap before GC invocations=63 (full 0):
 garbage-first heap   total 301056K, used 224046K [0x0000000080000000, 0x0000000100000000)
  region size 1024K, 57 young (58368K), 12 survivors (12288K)
 Metaspace       used 169592K, committed 170496K, reserved 1245184K
  class space    used 22174K, committed 22592K, reserved 1048576K
}
Event: 39.037 GC heap after
{Heap after GC invocations=64 (full 0):
 garbage-first heap   total 301056K, used 190464K [0x0000000080000000, 0x0000000100000000)
  region size 1024K, 10 young (10240K), 10 survivors (10240K)
 Metaspace       used 169592K, committed 170496K, reserved 1245184K
  class space    used 22174K, committed 22592K, reserved 1048576K
}
Event: 39.656 GC heap before
{Heap before GC invocations=65 (full 0):
 garbage-first heap   total 363520K, used 239616K [0x0000000080000000, 0x0000000100000000)
  region size 1024K, 57 young (58368K), 10 survivors (10240K)
 Metaspace       used 172543K, committed 173504K, reserved 1245184K
  class space    used 22685K, committed 23168K, reserved 1048576K
}
Event: 39.663 GC heap after
{Heap after GC invocations=66 (full 0):
 garbage-first heap   total 363520K, used 195244K [0x0000000080000000, 0x0000000100000000)
  region size 1024K, 8 young (8192K), 8 survivors (8192K)
 Metaspace       used 172543K, committed 173504K, reserved 1245184K
  class space    used 22685K, committed 23168K, reserved 1048576K
}
Event: 39.741 GC heap before
{Heap before GC invocations=66 (full 0):
 garbage-first heap   total 363520K, used 203436K [0x0000000080000000, 0x0000000100000000)
  region size 1024K, 17 young (17408K), 8 survivors (8192K)
 Metaspace       used 173137K, committed 174080K, reserved 1245184K
  class space    used 22765K, committed 23232K, reserved 1048576K
}
Event: 39.751 GC heap after
{Heap after GC invocations=67 (full 0):
 garbage-first heap   total 363520K, used 190966K [0x0000000080000000, 0x0000000100000000)
  region size 1024K, 3 young (3072K), 3 survivors (3072K)
 Metaspace       used 173137K, committed 174080K, reserved 1245184K
  class space    used 22765K, committed 23232K, reserved 1048576K
}
Event: 40.072 GC heap before
{Heap before GC invocations=67 (full 0):
 garbage-first heap   total 363520K, used 281078K [0x0000000080000000, 0x0000000100000000)
  region size 1024K, 92 young (94208K), 3 survivors (3072K)
 Metaspace       used 174359K, committed 175232K, reserved 1245184K
  class space    used 22920K, committed 23360K, reserved 1048576K
}
Event: 40.088 GC heap after
{Heap after GC invocations=68 (full 0):
 garbage-first heap   total 363520K, used 207860K [0x0000000080000000, 0x0000000100000000)
  region size 1024K, 12 young (12288K), 12 survivors (12288K)
 Metaspace       used 174359K, committed 175232K, reserved 1245184K
  class space    used 22920K, committed 23360K, reserved 1048576K
}
Event: 40.346 GC heap before
{Heap before GC invocations=68 (full 0):
 garbage-first heap   total 363520K, used 285684K [0x0000000080000000, 0x0000000100000000)
  region size 1024K, 89 young (91136K), 12 survivors (12288K)
 Metaspace       used 175882K, committed 176896K, reserved 1245184K
  class space    used 23145K, committed 23616K, reserved 1048576K
}
Event: 40.371 GC heap after
{Heap after GC invocations=69 (full 0):
 garbage-first heap   total 363520K, used 222128K [0x0000000080000000, 0x0000000100000000)
  region size 1024K, 12 young (12288K), 12 survivors (12288K)
 Metaspace       used 175882K, committed 176896K, reserved 1245184K
  class space    used 23145K, committed 23616K, reserved 1048576K
}
Event: 40.612 GC heap before
{Heap before GC invocations=69 (full 0):
 garbage-first heap   total 363520K, used 290736K [0x0000000080000000, 0x0000000100000000)
  region size 1024K, 80 young (81920K), 12 survivors (12288K)
 Metaspace       used 176806K, committed 177792K, reserved 1245184K
  class space    used 23286K, committed 23744K, reserved 1048576K
}

